# JRE version: Java(TM) SE Runtime Environment (16.0.2+7) (build 16.0.2+7-67)
# Java VM: Java HotSpot(TM) 64-Bit Server VM (16.0.2+7-67, mixed mode, sharing, tiered, compressed oops, compressed class ptrs, g1 gc, windows-amd64)
GC Precious Log:
 CPUs: 4 total, 4 available
 Memory: 3991M
 Large Page Support: Disabled
 NUMA Support: Disabled
 Compressed Oops: Enabled (32-bit)
 Heap Region Size: 1M
 Heap Min Capacity: 8M
 Heap Initial Capacity: 64M
 Heap Max Capacity: 998M
 Pre-touch: Disabled
 Parallel Workers: 4
 Concurrent Workers: 1
 Concurrent Refinement Workers: 4
 Periodic GC: Disabled
Heap:
 garbage-first heap   total 227328K, used 159744K [0x00000000c1a00000, 0x0000000100000000)
  region size 1024K, 4 young (4096K), 4 survivors (4096K)
 Metaspace       used 12901K, committed 13056K, reserved 1064960K
  class space    used 1472K, committed 1536K, reserved 1048576K
GC Heap History (20 events):
Event: 14.251 GC heap after
{Heap after GC invocations=2 (full 0):
 garbage-first heap   total 65536K, used 11184K [0x00000000c1a00000, 0x0000000100000000)
  region size 1024K, 2 young (2048K), 2 survivors (2048K)
 Metaspace       used 12884K, committed 13056K, reserved 1064960K
  class space    used 1471K, committed 1536K, reserved 1048576K
}
Event: 14.365 GC heap before
{Heap before GC invocations=2 (full 0):
 garbage-first heap   total 65536K, used 32688K [0x00000000c1a00000, 0x0000000100000000)
  region size 1024K, 23 young (23552K), 2 survivors (2048K)
 Metaspace       used 12894K, committed 13056K, reserved 1064960K
  class space    used 1472K, committed 1536K, reserved 1048576K
}
Event: 14.375 GC heap after
{Heap after GC invocations=3 (full 0):
 garbage-first heap   total 65536K, used 22528K [0x00000000c1a00000, 0x0000000100000000)
  region size 1024K, 3 young (3072K), 3 survivors (3072K)
 Metaspace       used 12894K, committed 13056K, reserved 1064960K
  class space    used 1472K, committed 1536K, reserved 1048576K
}
Event: 14.404 GC heap before
{Heap before GC invocations=3 (full 0):
 garbage-first heap   total 65536K, used 37888K [0x00000000c1a00000, 0x0000000100000000)
  region size 1024K, 17 young (17408K), 3 survivors (3072K)
 Metaspace       used 12901K, committed 13056K, reserved 1064960K
  class space    used 1472K, committed 1536K, reserved 1048576K
}
Event: 14.413 GC heap after
{Heap after GC invocations=4 (full 0):
 garbage-first heap   total 65536K, used 32768K [0x00000000c1a00000, 0x0000000100000000)
  region size 1024K, 3 young (3072K), 3 survivors (3072K)
 Metaspace       used 12901K, committed 13056K, reserved 1064960K
  class space    used 1472K, committed 1536K, reserved 1048576K
}
Event: 14.433 GC heap before
{Heap before GC invocations=4 (full 0):
 garbage-first heap   total 65536K, used 43008K [0x00000000c1a00000, 0x0000000100000000)
  region size 1024K, 13 young (13312K), 3 survivors (3072K)
 Metaspace       used 12901K, committed 13056K, reserved 1064960K
  class space    used 1472K, committed 1536K, reserved 1048576K
}
Event: 14.440 GC heap after
{Heap after GC invocations=5 (full 0):
 garbage-first heap   total 65536K, used 39759K [0x00000000c1a00000, 0x0000000100000000)
  region size 1024K, 2 young (2048K), 2 survivors (2048K)
 Metaspace       used 12901K, committed 13056K, reserved 1064960K
  class space    used 1472K, committed 1536K, reserved 1048576K
}
Event: 14.469 GC heap before
{Heap before GC invocations=5 (full 0):
 garbage-first heap   total 75776K, used 46927K [0x00000000c1a00000, 0x0000000100000000)
  region size 1024K, 9 young (9216K), 2 survivors (2048K)
 Metaspace       used 12901K, committed 13056K, reserved 1064960K
  class space    used 1472K, committed 1536K, reserved 1048576K
}
Event: 14.474 GC heap after
{Heap after GC invocations=6 (full 0):
 garbage-first heap   total 75776K, used 44792K [0x00000000c1a00000, 0x0000000100000000)
  region size 1024K, 2 young (2048K), 2 survivors (2048K)
 Metaspace       used 12901K, committed 13056K, reserved 1064960K
  class space    used 1472K, committed 1536K, reserved 1048576K
}
Event: 14.494 GC heap before
{Heap before GC invocations=6 (full 0):
 garbage-first heap   total 75776K, used 52984K [0x00000000c1a00000, 0x0000000100000000)
  region size 1024K, 10 young (10240K), 2 survivors (2048K)
 Metaspace       used 12901K, committed 13056K, reserved 1064960K
  class space    used 1472K, committed 1536K, reserved 1048576K
}
Event: 14.501 GC heap after
{Heap after GC invocations=7 (full 0):
 garbage-first heap   total 227328K, used 50176K [0x00000000c1a00000, 0x0000000100000000)
  region size 1024K, 2 young (2048K), 2 survivors (2048K)
 Metaspace       used 12901K, committed 13056K, reserved 1064960K
  class space    used 1472K, committed 1536K, reserved 1048576K
}
Event: 14.601 GC heap before
{Heap before GC invocations=8 (full 0):
 garbage-first heap   total 227328K, used 95232K [0x00000000c1a00000, 0x0000000100000000)
  region size 1024K, 43 young (44032K), 2 survivors (2048K)
 Metaspace       used 12901K, committed 13056K, reserved 1064960K
  class space    used 1472K, committed 1536K, reserved 1048576K
}
Event: 14.621 GC heap after
{Heap after GC invocations=9 (full 0):
 garbage-first heap   total 227328K, used 79609K [0x00000000c1a00000, 0x0000000100000000)
  region size 1024K, 6 young (6144K), 6 survivors (6144K)
 Metaspace       used 12901K, committed 13056K, reserved 1064960K
  class space    used 1472K, committed 1536K, reserved 1048576K
}
Event: 14.703 GC heap before
{Heap before GC invocations=9 (full 0):
 garbage-first heap   total 227328K, used 122617K [0x00000000c1a00000, 0x0000000100000000)
  region size 1024K, 48 young (49152K), 6 survivors (6144K)
 Metaspace       used 12901K, committed 13056K, reserved 1064960K
  class space    used 1472K, committed 1536K, reserved 1048576K
}
Event: 14.729 GC heap after
{Heap after GC invocations=10 (full 0):
 garbage-first heap   total 227328K, used 107520K [0x00000000c1a00000, 0x0000000100000000)
  region size 1024K, 6 young (6144K), 6 survivors (6144K)
 Metaspace       used 12901K, committed 13056K, reserved 1064960K
  class space    used 1472K, committed 1536K, reserved 1048576K
}
Event: 14.795 GC heap before
{Heap before GC invocations=10 (full 0):
 garbage-first heap   total 227328K, used 142336K [0x00000000c1a00000, 0x0000000100000000)
  region size 1024K, 40 young (40960K), 6 survivors (6144K)
 Metaspace       used 12901K, committed 13056K, reserved 1064960K
  class space    used 1472K, committed 1536K, reserved 1048576K
}
Event: 14.816 GC heap after
{Heap after GC invocations=11 (full 0):
 garbage-first heap   total 227328K, used 130048K [0x00000000c1a00000, 0x0000000100000000)
  region size 1024K, 5 young (5120K), 5 survivors (5120K)
 Metaspace       used 12901K, committed 13056K, reserved 1064960K
  class space    used 1472K, committed 1536K, reserved 1048576K
}
Event: 14.839 GC heap before
{Heap before GC invocations=11 (full 0):
 garbage-first heap   total 227328K, used 141312K [0x00000000c1a00000, 0x0000000100000000)
  region size 1024K, 17 young (17408K), 5 survivors (5120K)
 Metaspace       used 12901K, committed 13056K, reserved 1064960K
  class space    used 1472K, committed 1536K, reserved 1048576K
}
Event: 14.849 GC heap after
{Heap after GC invocations=12 (full 0):
 garbage-first heap   total 227328K, used 137728K [0x00000000c1a00000, 0x0000000100000000)
  region size 1024K, 4 young (4096K), 4 survivors (4096K)
 Metaspace       used 12901K, committed 13056K, reserved 1064960K
  class space    used 1472K, committed 1536K, reserved 1048576K
}
Event: 14.911 GC heap before
{Heap before GC invocations=12 (full 0):
 garbage-first heap   total 227328K, used 168448K [0x00000000c1a00000, 0x0000000100000000)
  region size 1024K, 29 young (29696K), 4 survivors (4096K)
 Metaspace       used 12901K, committed 13056K, reserved 1064960K
  class space    used 1472K, committed 1536K, reserved 1048576K
}

