# JRE version: Java(TM) SE Runtime Environment (16.0.2+7) (build 16.0.2+7-67)
# Java VM: Java HotSpot(TM) 64-Bit Server VM (16.0.2+7-67, mixed mode, sharing, tiered, compressed oops, compressed class ptrs, g1 gc, windows-amd64)
GC Precious Log:
 CPUs: 4 total, 4 available
 Memory: 3991M
 Large Page Support: Disabled
 NUMA Support: Disabled
 Compressed Oops: Enabled (32-bit)
 Heap Region Size: 1M
 Heap Min Capacity: 8M
 Heap Initial Capacity: 64M
 Heap Max Capacity: 998M
 Pre-touch: Disabled
 Parallel Workers: 4
 Concurrent Workers: 1
 Concurrent Refinement Workers: 4
 Periodic GC: Disabled
Heap:
 garbage-first heap   total 227328K, used 159744K [0x00000000c1a00000, 0x0000000100000000)
  region size 1024K, 4 young (4096K), 4 survivors (4096K)
 Metaspace       used 12827K, committed 12992K, reserved 1064960K
  class space    used 1471K, committed 1536K, reserved 1048576K
GC Heap History (20 events):
Event: 11.423 GC heap after
{Heap after GC invocations=2 (full 0):
 garbage-first heap   total 65536K, used 12369K [0x00000000c1a00000, 0x0000000100000000)
  region size 1024K, 2 young (2048K), 2 survivors (2048K)
 Metaspace       used 12814K, committed 12992K, reserved 1064960K
  class space    used 1471K, committed 1536K, reserved 1048576K
}
Event: 11.521 GC heap before
{Heap before GC invocations=2 (full 0):
 garbage-first heap   total 65536K, used 31825K [0x00000000c1a00000, 0x0000000100000000)
  region size 1024K, 21 young (21504K), 2 survivors (2048K)
 Metaspace       used 12827K, committed 12992K, reserved 1064960K
  class space    used 1471K, committed 1536K, reserved 1048576K
}
Event: 11.531 GC heap after
{Heap after GC invocations=3 (full 0):
 garbage-first heap   total 65536K, used 23098K [0x00000000c1a00000, 0x0000000100000000)
  region size 1024K, 3 young (3072K), 3 survivors (3072K)
 Metaspace       used 12827K, committed 12992K, reserved 1064960K
  class space    used 1471K, committed 1536K, reserved 1048576K
}
Event: 11.561 GC heap before
{Heap before GC invocations=3 (full 0):
 garbage-first heap   total 65536K, used 37434K [0x00000000c1a00000, 0x0000000100000000)
  region size 1024K, 16 young (16384K), 3 survivors (3072K)
 Metaspace       used 12827K, committed 12992K, reserved 1064960K
  class space    used 1471K, committed 1536K, reserved 1048576K
}
Event: 11.569 GC heap after
{Heap after GC invocations=4 (full 0):
 garbage-first heap   total 65536K, used 32768K [0x00000000c1a00000, 0x0000000100000000)
  region size 1024K, 2 young (2048K), 2 survivors (2048K)
 Metaspace       used 12827K, committed 12992K, reserved 1064960K
  class space    used 1471K, committed 1536K, reserved 1048576K
}
Event: 11.591 GC heap before
{Heap before GC invocations=4 (full 0):
 garbage-first heap   total 65536K, used 43008K [0x00000000c1a00000, 0x0000000100000000)
  region size 1024K, 12 young (12288K), 2 survivors (2048K)
 Metaspace       used 12827K, committed 12992K, reserved 1064960K
  class space    used 1471K, committed 1536K, reserved 1048576K
}
Event: 11.598 GC heap after
{Heap after GC invocations=5 (full 0):
 garbage-first heap   total 65536K, used 39781K [0x00000000c1a00000, 0x0000000100000000)
  region size 1024K, 2 young (2048K), 2 survivors (2048K)
 Metaspace       used 12827K, committed 12992K, reserved 1064960K
  class space    used 1471K, committed 1536K, reserved 1048576K
}
Event: 11.626 GC heap before
{Heap before GC invocations=5 (full 0):
 garbage-first heap   total 75776K, used 46949K [0x00000000c1a00000, 0x0000000100000000)
  region size 1024K, 9 young (9216K), 2 survivors (2048K)
 Metaspace       used 12827K, committed 12992K, reserved 1064960K
  class space    used 1471K, committed 1536K, reserved 1048576K
}
Event: 11.631 GC heap after
{Heap after GC invocations=6 (full 0):
 garbage-first heap   total 75776K, used 44377K [0x00000000c1a00000, 0x0000000100000000)
  region size 1024K, 2 young (2048K), 2 survivors (2048K)
 Metaspace       used 12827K, committed 12992K, reserved 1064960K
  class space    used 1471K, committed 1536K, reserved 1048576K
}
Event: 11.651 GC heap before
{Heap before GC invocations=6 (full 0):
 garbage-first heap   total 75776K, used 52569K [0x00000000c1a00000, 0x0000000100000000)
  region size 1024K, 10 young (10240K), 2 survivors (2048K)
 Metaspace       used 12827K, committed 12992K, reserved 1064960K
  class space    used 1471K, committed 1536K, reserved 1048576K
}
Event: 11.657 GC heap after
{Heap after GC invocations=7 (full 0):
 garbage-first heap   total 227328K, used 50157K [0x00000000c1a00000, 0x0000000100000000)
  region size 1024K, 2 young (2048K), 2 survivors (2048K)
 Metaspace       used 12827K, committed 12992K, reserved 1064960K
  class space    used 1471K, committed 1536K, reserved 1048576K
}
Event: 11.764 GC heap before
{Heap before GC invocations=8 (full 0):
 garbage-first heap   total 227328K, used 96237K [0x00000000c1a00000, 0x0000000100000000)
  region size 1024K, 44 young (45056K), 2 survivors (2048K)
 Metaspace       used 12827K, committed 12992K, reserved 1064960K
  class space    used 1471K, committed 1536K, reserved 1048576K
}
Event: 11.784 GC heap after
{Heap after GC invocations=9 (full 0):
 garbage-first heap   total 227328K, used 80375K [0x00000000c1a00000, 0x0000000100000000)
  region size 1024K, 6 young (6144K), 6 survivors (6144K)
 Metaspace       used 12827K, committed 12992K, reserved 1064960K
  class space    used 1471K, committed 1536K, reserved 1048576K
}
Event: 11.873 GC heap before
{Heap before GC invocations=9 (full 0):
 garbage-first heap   total 227328K, used 122359K [0x00000000c1a00000, 0x0000000100000000)
  region size 1024K, 47 young (48128K), 6 survivors (6144K)
 Metaspace       used 12827K, committed 12992K, reserved 1064960K
  class space    used 1471K, committed 1536K, reserved 1048576K
}
Event: 11.894 GC heap after
{Heap after GC invocations=10 (full 0):
 garbage-first heap   total 227328K, used 107520K [0x00000000c1a00000, 0x0000000100000000)
  region size 1024K, 6 young (6144K), 6 survivors (6144K)
 Metaspace       used 12827K, committed 12992K, reserved 1064960K
  class space    used 1471K, committed 1536K, reserved 1048576K
}
Event: 11.966 GC heap before
{Heap before GC invocations=10 (full 0):
 garbage-first heap   total 227328K, used 141312K [0x00000000c1a00000, 0x0000000100000000)
  region size 1024K, 39 young (39936K), 6 survivors (6144K)
 Metaspace       used 12827K, committed 12992K, reserved 1064960K
  class space    used 1471K, committed 1536K, reserved 1048576K
}
Event: 11.984 GC heap after
{Heap after GC invocations=11 (full 0):
 garbage-first heap   total 227328K, used 128512K [0x00000000c1a00000, 0x0000000100000000)
  region size 1024K, 5 young (5120K), 5 survivors (5120K)
 Metaspace       used 12827K, committed 12992K, reserved 1064960K
  class space    used 1471K, committed 1536K, reserved 1048576K
}
Event: 12.011 GC heap before
{Heap before GC invocations=11 (full 0):
 garbage-first heap   total 227328K, used 140800K [0x00000000c1a00000, 0x0000000100000000)
  region size 1024K, 18 young (18432K), 5 survivors (5120K)
 Metaspace       used 12827K, committed 12992K, reserved 1064960K
  class space    used 1471K, committed 1536K, reserved 1048576K
}
Event: 12.020 GC heap after
{Heap after GC invocations=12 (full 0):
 garbage-first heap   total 227328K, used 137216K [0x00000000c1a00000, 0x0000000100000000)
  region size 1024K, 4 young (4096K), 4 survivors (4096K)
 Metaspace       used 12827K, committed 12992K, reserved 1064960K
  class space    used 1471K, committed 1536K, reserved 1048576K
}
Event: 12.090 GC heap before
{Heap before GC invocations=12 (full 0):
 garbage-first heap   total 227328K, used 167936K [0x00000000c1a00000, 0x0000000100000000)
  region size 1024K, 29 young (29696K), 4 survivors (4096K)
 Metaspace       used 12827K, committed 12992K, reserved 1064960K
  class space    used 1471K, committed 1536K, reserved 1048576K
}

